{"/Users/federicoghedina/htdocs/rexhr/dist/index.js": {"path":"/Users/federicoghedina/htdocs/rexhr/dist/index.js","statementMap":{"0":{"start":{"line":18,"column":12},"end":{"line":18,"column":14}},"1":{"start":{"line":20,"column":0},"end":{"line":125,"column":18}},"2":{"start":{"line":22,"column":15},"end":{"line":22,"column":27}},"3":{"start":{"line":23,"column":19},"end":{"line":31,"column":9}},"4":{"start":{"line":24,"column":22},"end":{"line":24,"column":42}},"5":{"start":{"line":25,"column":12},"end":{"line":29,"column":13}},"6":{"start":{"line":27,"column":16},"end":{"line":28,"column":36}},"7":{"start":{"line":28,"column":20},"end":{"line":28,"column":36}},"8":{"start":{"line":30,"column":12},"end":{"line":30,"column":23}},"9":{"start":{"line":32,"column":18},"end":{"line":96,"column":9}},"10":{"start":{"line":34,"column":22},"end":{"line":34,"column":32}},"11":{"start":{"line":35,"column":26},"end":{"line":35,"column":45}},"12":{"start":{"line":36,"column":23},"end":{"line":36,"column":42}},"13":{"start":{"line":37,"column":27},"end":{"line":37,"column":50}},"14":{"start":{"line":38,"column":31},"end":{"line":38,"column":50}},"15":{"start":{"line":39,"column":30},"end":{"line":39,"column":48}},"16":{"start":{"line":40,"column":23},"end":{"line":40,"column":42}},"17":{"start":{"line":41,"column":25},"end":{"line":41,"column":38}},"18":{"start":{"line":42,"column":30},"end":{"line":42,"column":56}},"19":{"start":{"line":43,"column":25},"end":{"line":43,"column":46}},"20":{"start":{"line":44,"column":26},"end":{"line":44,"column":48}},"21":{"start":{"line":45,"column":26},"end":{"line":45,"column":48}},"22":{"start":{"line":46,"column":29},"end":{"line":46,"column":54}},"23":{"start":{"line":47,"column":28},"end":{"line":47,"column":52}},"24":{"start":{"line":48,"column":30},"end":{"line":48,"column":56}},"25":{"start":{"line":49,"column":28},"end":{"line":49,"column":52}},"26":{"start":{"line":50,"column":26},"end":{"line":50,"column":46}},"27":{"start":{"line":51,"column":21},"end":{"line":51,"column":45}},"28":{"start":{"line":52,"column":22},"end":{"line":52,"column":42}},"29":{"start":{"line":53,"column":25},"end":{"line":53,"column":30}},"30":{"start":{"line":55,"column":12},"end":{"line":94,"column":13}},"31":{"start":{"line":56,"column":16},"end":{"line":56,"column":48}},"32":{"start":{"line":57,"column":16},"end":{"line":57,"column":41}},"33":{"start":{"line":58,"column":16},"end":{"line":58,"column":46}},"34":{"start":{"line":59,"column":16},"end":{"line":59,"column":53}},"35":{"start":{"line":60,"column":16},"end":{"line":60,"column":61}},"36":{"start":{"line":61,"column":16},"end":{"line":61,"column":55}},"37":{"start":{"line":62,"column":16},"end":{"line":62,"column":59}},"38":{"start":{"line":63,"column":16},"end":{"line":63,"column":55}},"39":{"start":{"line":64,"column":16},"end":{"line":64,"column":76}},"40":{"start":{"line":64,"column":59},"end":{"line":64,"column":73}},"41":{"start":{"line":65,"column":16},"end":{"line":65,"column":80}},"42":{"start":{"line":65,"column":61},"end":{"line":65,"column":77}},"43":{"start":{"line":66,"column":16},"end":{"line":79,"column":18}},"44":{"start":{"line":67,"column":20},"end":{"line":78,"column":21}},"45":{"start":{"line":68,"column":37},"end":{"line":68,"column":47}},"46":{"start":{"line":70,"column":24},"end":{"line":73,"column":25}},"47":{"start":{"line":71,"column":28},"end":{"line":71,"column":56}},"48":{"start":{"line":72,"column":28},"end":{"line":72,"column":42}},"49":{"start":{"line":80,"column":16},"end":{"line":82,"column":17}},"50":{"start":{"line":81,"column":20},"end":{"line":81,"column":53}},"51":{"start":{"line":83,"column":16},"end":{"line":90,"column":17}},"52":{"start":{"line":84,"column":20},"end":{"line":84,"column":88}},"53":{"start":{"line":86,"column":20},"end":{"line":88,"column":21}},"54":{"start":{"line":87,"column":24},"end":{"line":87,"column":122}},"55":{"start":{"line":89,"column":20},"end":{"line":89,"column":53}},"56":{"start":{"line":91,"column":16},"end":{"line":91,"column":60}},"57":{"start":{"line":92,"column":16},"end":{"line":92,"column":87}},"58":{"start":{"line":92,"column":43},"end":{"line":92,"column":87}},"59":{"start":{"line":93,"column":16},"end":{"line":93,"column":31}},"60":{"start":{"line":95,"column":12},"end":{"line":95,"column":23}},"61":{"start":{"line":97,"column":4},"end":{"line":103,"column":6}},"62":{"start":{"line":98,"column":8},"end":{"line":102,"column":12}},"63":{"start":{"line":104,"column":4},"end":{"line":110,"column":6}},"64":{"start":{"line":105,"column":8},"end":{"line":109,"column":12}},"65":{"start":{"line":112,"column":4},"end":{"line":123,"column":6}},"66":{"start":{"line":116,"column":12},"end":{"line":121,"column":14}},"67":{"start":{"line":117,"column":16},"end":{"line":120,"column":25}},"68":{"start":{"line":127,"column":0},"end":{"line":127,"column":58}}},"fnMap":{"0":{"name":"(anonymous_0)","decl":{"start":{"line":20,"column":1},"end":{"line":20,"column":2}},"loc":{"start":{"line":20,"column":18},"end":{"line":125,"column":1}},"line":20},"1":{"name":"(anonymous_1)","decl":{"start":{"line":22,"column":15},"end":{"line":22,"column":16}},"loc":{"start":{"line":22,"column":25},"end":{"line":22,"column":27}},"line":22},"2":{"name":"(anonymous_2)","decl":{"start":{"line":23,"column":19},"end":{"line":23,"column":20}},"loc":{"start":{"line":23,"column":37},"end":{"line":31,"column":9}},"line":23},"3":{"name":"(anonymous_3)","decl":{"start":{"line":32,"column":18},"end":{"line":32,"column":19}},"loc":{"start":{"line":32,"column":34},"end":{"line":96,"column":9}},"line":32},"4":{"name":"(anonymous_4)","decl":{"start":{"line":64,"column":48},"end":{"line":64,"column":49}},"loc":{"start":{"line":64,"column":58},"end":{"line":64,"column":74}},"line":64},"5":{"name":"(anonymous_5)","decl":{"start":{"line":65,"column":50},"end":{"line":65,"column":51}},"loc":{"start":{"line":65,"column":60},"end":{"line":65,"column":78}},"line":65},"6":{"name":"(anonymous_6)","decl":{"start":{"line":66,"column":41},"end":{"line":66,"column":42}},"loc":{"start":{"line":66,"column":52},"end":{"line":79,"column":17}},"line":66},"7":{"name":"(anonymous_7)","decl":{"start":{"line":97,"column":18},"end":{"line":97,"column":19}},"loc":{"start":{"line":97,"column":31},"end":{"line":103,"column":5}},"line":97},"8":{"name":"(anonymous_8)","decl":{"start":{"line":104,"column":17},"end":{"line":104,"column":18}},"loc":{"start":{"line":104,"column":30},"end":{"line":110,"column":5}},"line":104},"9":{"name":"(anonymous_9)","decl":{"start":{"line":115,"column":8},"end":{"line":115,"column":9}},"loc":{"start":{"line":115,"column":21},"end":{"line":122,"column":9}},"line":115},"10":{"name":"(anonymous_10)","decl":{"start":{"line":116,"column":35},"end":{"line":116,"column":36}},"loc":{"start":{"line":116,"column":48},"end":{"line":121,"column":13}},"line":116}},"branchMap":{"0":{"loc":{"start":{"line":27,"column":16},"end":{"line":28,"column":36}},"type":"if","locations":[{"start":{"line":27,"column":16},"end":{"line":28,"column":36}}],"line":27},"1":{"loc":{"start":{"line":35,"column":26},"end":{"line":35,"column":45}},"type":"binary-expr","locations":[{"start":{"line":35,"column":26},"end":{"line":35,"column":40}},{"start":{"line":35,"column":44},"end":{"line":35,"column":45}}],"line":35},"2":{"loc":{"start":{"line":36,"column":23},"end":{"line":36,"column":42}},"type":"binary-expr","locations":[{"start":{"line":36,"column":23},"end":{"line":36,"column":34}},{"start":{"line":36,"column":38},"end":{"line":36,"column":42}}],"line":36},"3":{"loc":{"start":{"line":37,"column":27},"end":{"line":37,"column":50}},"type":"binary-expr","locations":[{"start":{"line":37,"column":27},"end":{"line":37,"column":42}},{"start":{"line":37,"column":46},"end":{"line":37,"column":50}}],"line":37},"4":{"loc":{"start":{"line":40,"column":23},"end":{"line":40,"column":42}},"type":"binary-expr","locations":[{"start":{"line":40,"column":23},"end":{"line":40,"column":34}},{"start":{"line":40,"column":38},"end":{"line":40,"column":42}}],"line":40},"5":{"loc":{"start":{"line":42,"column":30},"end":{"line":42,"column":56}},"type":"binary-expr","locations":[{"start":{"line":42,"column":30},"end":{"line":42,"column":48}},{"start":{"line":42,"column":52},"end":{"line":42,"column":56}}],"line":42},"6":{"loc":{"start":{"line":43,"column":25},"end":{"line":43,"column":46}},"type":"binary-expr","locations":[{"start":{"line":43,"column":25},"end":{"line":43,"column":38}},{"start":{"line":43,"column":42},"end":{"line":43,"column":46}}],"line":43},"7":{"loc":{"start":{"line":44,"column":26},"end":{"line":44,"column":48}},"type":"binary-expr","locations":[{"start":{"line":44,"column":26},"end":{"line":44,"column":40}},{"start":{"line":44,"column":44},"end":{"line":44,"column":48}}],"line":44},"8":{"loc":{"start":{"line":45,"column":26},"end":{"line":45,"column":48}},"type":"binary-expr","locations":[{"start":{"line":45,"column":26},"end":{"line":45,"column":40}},{"start":{"line":45,"column":44},"end":{"line":45,"column":48}}],"line":45},"9":{"loc":{"start":{"line":46,"column":29},"end":{"line":46,"column":54}},"type":"binary-expr","locations":[{"start":{"line":46,"column":29},"end":{"line":46,"column":46}},{"start":{"line":46,"column":50},"end":{"line":46,"column":54}}],"line":46},"10":{"loc":{"start":{"line":47,"column":28},"end":{"line":47,"column":52}},"type":"binary-expr","locations":[{"start":{"line":47,"column":28},"end":{"line":47,"column":44}},{"start":{"line":47,"column":48},"end":{"line":47,"column":52}}],"line":47},"11":{"loc":{"start":{"line":48,"column":30},"end":{"line":48,"column":56}},"type":"binary-expr","locations":[{"start":{"line":48,"column":30},"end":{"line":48,"column":48}},{"start":{"line":48,"column":52},"end":{"line":48,"column":56}}],"line":48},"12":{"loc":{"start":{"line":49,"column":28},"end":{"line":49,"column":52}},"type":"binary-expr","locations":[{"start":{"line":49,"column":28},"end":{"line":49,"column":44}},{"start":{"line":49,"column":48},"end":{"line":49,"column":52}}],"line":49},"13":{"loc":{"start":{"line":50,"column":26},"end":{"line":50,"column":46}},"type":"binary-expr","locations":[{"start":{"line":50,"column":26},"end":{"line":50,"column":40}},{"start":{"line":50,"column":44},"end":{"line":50,"column":46}}],"line":50},"14":{"loc":{"start":{"line":55,"column":12},"end":{"line":94,"column":13}},"type":"if","locations":[{"start":{"line":55,"column":12},"end":{"line":94,"column":13}}],"line":55},"15":{"loc":{"start":{"line":58,"column":30},"end":{"line":58,"column":45}},"type":"binary-expr","locations":[{"start":{"line":58,"column":30},"end":{"line":58,"column":37}},{"start":{"line":58,"column":41},"end":{"line":58,"column":45}}],"line":58},"16":{"loc":{"start":{"line":67,"column":20},"end":{"line":78,"column":21}},"type":"if","locations":[{"start":{"line":67,"column":20},"end":{"line":78,"column":21}},{"start":{},"end":{}}],"line":67},"17":{"loc":{"start":{"line":70,"column":24},"end":{"line":73,"column":25}},"type":"if","locations":[{"start":{"line":70,"column":24},"end":{"line":73,"column":25}}],"line":70},"18":{"loc":{"start":{"line":70,"column":28},"end":{"line":70,"column":75}},"type":"binary-expr","locations":[{"start":{"line":70,"column":28},"end":{"line":70,"column":40}},{"start":{"line":70,"column":45},"end":{"line":70,"column":58}},{"start":{"line":70,"column":62},"end":{"line":70,"column":74}}],"line":70},"19":{"loc":{"start":{"line":71,"column":28},"end":{"line":71,"column":55}},"type":"binary-expr","locations":[{"start":{"line":71,"column":28},"end":{"line":71,"column":35}},{"start":{"line":71,"column":39},"end":{"line":71,"column":55}}],"line":71},"20":{"loc":{"start":{"line":80,"column":16},"end":{"line":82,"column":17}},"type":"if","locations":[{"start":{"line":80,"column":16},"end":{"line":82,"column":17}},{"start":{},"end":{}}],"line":80},"21":{"loc":{"start":{"line":83,"column":16},"end":{"line":90,"column":17}},"type":"if","locations":[{"start":{"line":83,"column":16},"end":{"line":90,"column":17}},{"start":{},"end":{}}],"line":83},"22":{"loc":{"start":{"line":86,"column":20},"end":{"line":88,"column":21}},"type":"if","locations":[{"start":{"line":86,"column":20},"end":{"line":88,"column":21}}],"line":86},"23":{"loc":{"start":{"line":86,"column":24},"end":{"line":86,"column":68}},"type":"binary-expr","locations":[{"start":{"line":86,"column":24},"end":{"line":86,"column":35}},{"start":{"line":86,"column":39},"end":{"line":86,"column":68}}],"line":86},"24":{"loc":{"start":{"line":127,"column":0},"end":{"line":127,"column":57}},"type":"binary-expr","locations":[{"start":{"line":127,"column":1},"end":{"line":127,"column":28}},{"start":{"line":127,"column":34},"end":{"line":127,"column":56}}],"line":127}},"s":{"0":3,"1":3,"2":3,"3":3,"4":20,"5":20,"6":38,"7":38,"8":20,"9":3,"10":10,"11":10,"12":10,"13":10,"14":10,"15":10,"16":10,"17":10,"18":10,"19":10,"20":10,"21":10,"22":10,"23":10,"24":10,"25":10,"26":10,"27":10,"28":10,"29":10,"30":10,"31":10,"32":10,"33":10,"34":10,"35":10,"36":10,"37":10,"38":10,"39":10,"40":10,"41":10,"42":10,"43":10,"44":35,"45":10,"46":10,"47":10,"48":10,"49":10,"50":1,"51":10,"52":5,"53":5,"54":5,"55":5,"56":10,"57":10,"58":10,"59":10,"60":10,"61":3,"62":1,"63":3,"64":1,"65":3,"66":27,"67":8,"68":3},"f":{"0":3,"1":38,"2":20,"3":10,"4":10,"5":10,"6":35,"7":1,"8":1,"9":27,"10":8},"b":{"0":[38],"1":[10,9],"2":[10,10],"3":[10,10],"4":[10,5],"5":[10,2],"6":[10,10],"7":[10,9],"8":[10,10],"9":[10,10],"10":[10,10],"11":[10,10],"12":[10,9],"13":[10,10],"14":[10],"15":[10,9],"16":[10,25],"17":[10],"18":[10,8,8],"19":[10,10],"20":[1,9],"21":[5,5],"22":[5],"23":[5,5],"24":[3,3]},"_coverageSchema":"1a1c01bbd47fc00a2c39e90264f33305004495a9","hash":"4d71b5cbf2023a6d4e30d88dca8d37abf816fad4"}
}
