TN:
SF:dist/index.js
FN:20,(anonymous_0)
FN:22,(anonymous_1)
FN:23,(anonymous_2)
FN:32,(anonymous_3)
FN:64,(anonymous_4)
FN:65,(anonymous_5)
FN:66,(anonymous_6)
FN:97,(anonymous_7)
FN:104,(anonymous_8)
FN:115,(anonymous_9)
FN:116,(anonymous_10)
FNF:11
FNH:11
FNDA:3,(anonymous_0)
FNDA:38,(anonymous_1)
FNDA:20,(anonymous_2)
FNDA:10,(anonymous_3)
FNDA:10,(anonymous_4)
FNDA:10,(anonymous_5)
FNDA:35,(anonymous_6)
FNDA:1,(anonymous_7)
FNDA:1,(anonymous_8)
FNDA:27,(anonymous_9)
FNDA:8,(anonymous_10)
DA:18,3
DA:20,3
DA:22,3
DA:23,3
DA:24,20
DA:25,20
DA:27,38
DA:28,38
DA:30,20
DA:32,3
DA:34,10
DA:35,10
DA:36,10
DA:37,10
DA:38,10
DA:39,10
DA:40,10
DA:41,10
DA:42,10
DA:43,10
DA:44,10
DA:45,10
DA:46,10
DA:47,10
DA:48,10
DA:49,10
DA:50,10
DA:51,10
DA:52,10
DA:53,10
DA:55,10
DA:56,10
DA:57,10
DA:58,10
DA:59,10
DA:60,10
DA:61,10
DA:62,10
DA:63,10
DA:64,10
DA:65,10
DA:66,10
DA:67,35
DA:68,10
DA:70,10
DA:71,10
DA:72,10
DA:80,10
DA:81,1
DA:83,10
DA:84,5
DA:86,5
DA:87,5
DA:89,5
DA:91,10
DA:92,10
DA:93,10
DA:95,10
DA:97,3
DA:98,1
DA:104,3
DA:105,1
DA:112,3
DA:116,27
DA:117,8
DA:127,3
LF:66
LH:66
BRDA:27,0,0,38
BRDA:35,1,0,10
BRDA:35,1,1,9
BRDA:36,2,0,10
BRDA:36,2,1,10
BRDA:37,3,0,10
BRDA:37,3,1,10
BRDA:40,4,0,10
BRDA:40,4,1,5
BRDA:42,5,0,10
BRDA:42,5,1,2
BRDA:43,6,0,10
BRDA:43,6,1,10
BRDA:44,7,0,10
BRDA:44,7,1,9
BRDA:45,8,0,10
BRDA:45,8,1,10
BRDA:46,9,0,10
BRDA:46,9,1,10
BRDA:47,10,0,10
BRDA:47,10,1,10
BRDA:48,11,0,10
BRDA:48,11,1,10
BRDA:49,12,0,10
BRDA:49,12,1,9
BRDA:50,13,0,10
BRDA:50,13,1,10
BRDA:55,14,0,10
BRDA:58,15,0,10
BRDA:58,15,1,9
BRDA:67,16,0,10
BRDA:67,16,1,25
BRDA:70,17,0,10
BRDA:70,18,0,10
BRDA:70,18,1,8
BRDA:70,18,2,8
BRDA:71,19,0,10
BRDA:71,19,1,10
BRDA:80,20,0,1
BRDA:80,20,1,9
BRDA:83,21,0,5
BRDA:83,21,1,5
BRDA:86,22,0,5
BRDA:86,23,0,5
BRDA:86,23,1,5
BRDA:127,24,0,3
BRDA:127,24,1,3
BRF:47
BRH:47
end_of_record
